Arguments: 
  /Users/jameshall/.nvm/versions/node/v12.14.0/bin/node /usr/local/bin/yarn start

PATH: 
  /Users/jameshall/.nvm/versions/node/v12.14.0/bin:/usr/local/bin:/usr/bin:/bin:/usr/sbin:/sbin:/opt/X11/bin:/Users/jameshall/.nvm/versions/node/v12.14.0/bin

Yarn version: 
  1.17.3

Node version: 
  12.14.0

Platform: 
  darwin x64

Trace: 
  SyntaxError: /Users/jameshall/Workspaces/react-keyboard-component/package.json: Unexpected token / in JSON at position 262
      at JSON.parse (<anonymous>)
      at /usr/local/lib/node_modules/yarn/lib/cli.js:1625:59
      at Generator.next (<anonymous>)
      at step (/usr/local/lib/node_modules/yarn/lib/cli.js:304:30)
      at /usr/local/lib/node_modules/yarn/lib/cli.js:315:13

npm manifest: 
  {
    "name": "react-keyboard-component",
    "version": "0.1.12",
    "description": "react-keyboard-component React component",
    "main": "build/lib/index.js",
    "module": "es/index.js",
    "files": [
      "css",
      "es",
      "lib",
      "umd"
    ],
    "scripts": {
      //"build": "tsc && nwb build-react-component",
      "build:ts": "tsc",
      "build:all": "copy:css-to-lib build:ts",
      "clean": "nwb clean-module && nwb clean-demo",
      "prepublishOnly": "npm run build:ts&&npm run build&&npm run build",
      "start": "nwb serve-react-demo --port 3333",
      "test": "nwb test-react",
      "test:coverage": "nwb test-react --coverage",
      "test:watch": "nwb test-react --server",
      "ts": "tslint -p"
    },
    "dependencies": {},
    "peerDependencies": {
      "react": "16.x"
    },
    "devDependencies": {
      "antd": "^4.1.3",
      "awesome-typescript-loader": "^5.2.1",
      "css-loader": "^3.5.2",
      "node-sass": "^4.13.1",
      "sass-loader": "^8.0.2",
      "style-loader": "^1.1.3",
      "ts-loader": "^7.0.0",
      "typescript": "^3.8.3",
      "tslint": "^5.20.1",
      "nwb": "0.24.x",
      "nwb-sass": "^0.10.0",
      "react": "^16.13.1",
      "react-dom": "^16.13.1"
    },
    "author": "James Hall <eljamez@gmail.com> (http://jamescript.com/)",
    "license": "MIT",
    "bugs": {
      "url": "https://github.com/eljamez/React-Keyboard/issues"
    },
    "repository": {
      "type": "git",
      "url": "git+https://github.com/eljamez/React-Keyboard"
    },
    "homepage": "https://github.com/eljamez/React-Keyboard#readme",
    "keywords": [
      "react-component",
      "musical-typing",
      "react-keyboard",
      "react"
    ]
  }

yarn manifest: 
  No manifest

Lockfile: 
  No lockfile
